[debug] [2021-12-06T06:07:45.163Z] ----------------------------------------------------------------------
[debug] [2021-12-06T06:07:45.164Z] Command:       /usr/local/bin/node /usr/local/bin/firebase init
[debug] [2021-12-06T06:07:45.164Z] CLI Version:   9.23.0
[debug] [2021-12-06T06:07:45.165Z] Platform:      darwin
[debug] [2021-12-06T06:07:45.165Z] Node Version:  v16.3.0
[debug] [2021-12-06T06:07:45.165Z] Time:          Mon Dec 06 2021 14:07:45 GMT+0800 (中国标准时间)
[debug] [2021-12-06T06:07:45.165Z] ----------------------------------------------------------------------
[debug] 
[debug] [2021-12-06T06:07:45.169Z] > command requires scopes: ["email","openid","https://www.googleapis.com/auth/cloudplatformprojects.readonly","https://www.googleapis.com/auth/firebase","https://www.googleapis.com/auth/cloud-platform"]
[debug] [2021-12-06T06:07:45.169Z] > authorizing via signed-in user (skyccp@gmail.com)
[info] 
     ######## #### ########  ######## ########     ###     ######  ########
     ##        ##  ##     ## ##       ##     ##  ##   ##  ##       ##
     ######    ##  ########  ######   ########  #########  ######  ######
     ##        ##  ##    ##  ##       ##     ## ##     ##       ## ##
     ##       #### ##     ## ######## ########  ##     ##  ######  ########

You're about to initialize a Firebase project in this directory:

  /Users/txwy/Documents/工作文件/webpackwww/web-xdg.com/FlixTV – Movies & TV Shows, Online cinema HTML Template/main

[info] 
=== Project Setup
[info] 
[info] First, let's associate this project directory with a Firebase project.
[info] You can create multiple project aliases by running firebase use --add, 
[info] but for now we'll just set up a default project.
[info] 
[debug] [2021-12-06T06:08:21.059Z] > refreshing access token with scopes: []
[debug] [2021-12-06T06:08:21.059Z] >>> HTTP REQUEST POST https://www.googleapis.com/oauth2/v3/token  
 <request body omitted>
[debug] [2021-12-06T06:08:21.241Z] <<< HTTP RESPONSE 200 {"date":"Mon, 06 Dec 2021 06:08:21 GMT","pragma":"no-cache","cache-control":"no-cache, no-store, max-age=0, must-revalidate","expires":"Mon, 01 Jan 1990 00:00:00 GMT","content-type":"application/json; charset=utf-8","vary":"X-Origin, Referer, Origin,Accept-Encoding","server":"scaffolding on HTTPServer2","x-xss-protection":"0","x-frame-options":"SAMEORIGIN","x-content-type-options":"nosniff","alt-svc":"h3=\":443\"; ma=2592000,h3-29=\":443\"; ma=2592000,h3-Q050=\":443\"; ma=2592000,h3-Q046=\":443\"; ma=2592000,h3-Q043=\":443\"; ma=2592000,quic=\":443\"; ma=2592000; v=\"46,43\"","accept-ranges":"none","transfer-encoding":"chunked"}
[debug] [2021-12-06T06:08:21.276Z] >>> [apiv2][query] GET https://firebase.googleapis.com/v1beta1/projects pageSize=100
[debug] [2021-12-06T06:08:22.067Z] <<< [apiv2][status] GET https://firebase.googleapis.com/v1beta1/projects 200
[debug] [2021-12-06T06:08:22.067Z] <<< [apiv2][body] GET https://firebase.googleapis.com/v1beta1/projects [omitted]
[info] i  Using project flixtv-6c5ce (flixtv) 
[info] 
=== Hosting Setup
[info] 
[info] Your public directory is the folder (relative to your project directory) that
[info] will contain Hosting assets to be uploaded with firebase deploy. If you
[info] have a build process for your assets, use your build's output directory.
[info] 
[debug] [2021-12-06T06:08:43.950Z] >>> [apiv2][query] GET https://www.gstatic.com/firebasejs/releases.json [none]
[debug] [2021-12-06T06:08:44.082Z] <<< [apiv2][status] GET https://www.gstatic.com/firebasejs/releases.json 200
[debug] [2021-12-06T06:08:44.082Z] <<< [apiv2][body] GET https://www.gstatic.com/firebasejs/releases.json {"current":{"version":"9.6.0","browserURL":"https://www.gstatic.com/firebasejs/9.6.0/firebase.js","packageURL":"https://www.gstatic.com/firebasejs/9.6.0/firebase.tgz"},"live":{"version":"9.6","browserURL":"https://www.gstatic.com/firebasejs/live/9.6/firebase.js","packageURL":"https://www.gstatic.com/firebasejs/live/9.6/firebase.tgz"},"components":{"analytics":"https://www.gstatic.com/firebasejs/9.6.0/firebase-analytics.js","app":"https://www.gstatic.com/firebasejs/9.6.0/firebase-app.js","app-check":"https://www.gstatic.com/firebasejs/9.6.0/firebase-app-check.js","auth":"https://www.gstatic.com/firebasejs/9.6.0/firebase-auth.js","auth/cordova":"https://www.gstatic.com/firebasejs/9.6.0/firebase-auth/cordova.js","auth/react-native":"https://www.gstatic.com/firebasejs/9.6.0/firebase-auth/react-native.js","functions":"https://www.gstatic.com/firebasejs/9.6.0/firebase-functions.js","firestore":"https://www.gstatic.com/firebasejs/9.6.0/firebase-firestore.js","firestore/lite":"https://www.gstatic.com/firebasejs/9.6.0/firebase-firestore/lite.js","storage":"https://www.gstatic.com/firebasejs/9.6.0/firebase-storage.js","performance":"https://www.gstatic.com/firebasejs/9.6.0/firebase-performance.js","remote-config":"https://www.gstatic.com/firebasejs/9.6.0/firebase-remote-config.js","messaging":"https://www.gstatic.com/firebasejs/9.6.0/firebase-messaging.js","messaging/sw":"https://www.gstatic.com/firebasejs/9.6.0/firebase-messaging/sw.js","database":"https://www.gstatic.com/firebasejs/9.6.0/firebase-database.js","firestore.memory":"https://www.gstatic.com/firebasejs/9.6.0/firebase-firestore.memory.js"}}
[info] ✔  Wrote public/index.html 
[info] 
[info] i  Didn't detect a .git folder. Assuming /Users/txwy/Documents/工作文件/webpackwww/web-xdg.com/FlixTV – Movies & TV Shows, Online cinema HTML Template/main is the project root. 
[info] i  Authorizing with GitHub to upload your service account to a GitHub repository's secrets store. 
[info] 
[info] Visit this URL on this device to log in:
[info] https://github.com/login/oauth/authorize?client_id=89cf50f02ac6aaed3484&state=734036508&redirect_uri=http%3A%2F%2Flocalhost%3A9005&scope=read%3Auser%20repo%20public_repo
[info] 
[info] Waiting for authentication...
[debug] [2021-12-06T06:08:44.888Z] >>> HTTP REQUEST POST https://github.com/login/oauth/access_token  
 {"client_id":"89cf50f02ac6aaed3484","client_secret":"3330d14abc895d9a74d5f17cd7a00711fa2c5bf0","code":"253fb591841f9e632f85","redirect_uri":"http://localhost:9005","state":"734036508"}
[debug] [2021-12-06T06:08:45.397Z] <<< HTTP RESPONSE 200 {"server":"GitHub.com","date":"Mon, 06 Dec 2021 06:08:45 GMT","content-type":"application/json; charset=utf-8","transfer-encoding":"chunked","vary":"X-PJAX, X-PJAX-Container, Accept-Encoding, Accept, X-Requested-With","permissions-policy":"interest-cohort=()","etag":"W/\"905221ddf72b62000d1d8144e26d6da5\"","cache-control":"max-age=0, private, must-revalidate","strict-transport-security":"max-age=31536000; includeSubdomains; preload","x-frame-options":"deny","x-content-type-options":"nosniff","x-xss-protection":"0","referrer-policy":"origin-when-cross-origin, strict-origin-when-cross-origin","expect-ct":"max-age=2592000, report-uri=\"https://api.github.com/_private/browser/errors\"","content-security-policy":"default-src 'none'; base-uri 'self'; block-all-mixed-content; child-src github.com/assets-cdn/worker/ gist.github.com/assets-cdn/worker/; connect-src 'self' uploads.github.com objects-origin.githubusercontent.com www.githubstatus.com collector.githubapp.com api.github.com github-cloud.s3.amazonaws.com github-production-repository-file-5c1aeb.s3.amazonaws.com github-production-upload-manifest-file-7fdce7.s3.amazonaws.com github-production-user-asset-6210df.s3.amazonaws.com cdn.optimizely.com logx.optimizely.com/v1/events translator.github.com wss://alive.github.com; font-src github.githubassets.com; form-action 'self' github.com gist.github.com objects-origin.githubusercontent.com; frame-ancestors 'none'; frame-src render.githubusercontent.com viewscreen.githubusercontent.com notebooks.githubusercontent.com; img-src 'self' data: github.githubassets.com identicons.github.com collector.githubapp.com github-cloud.s3.amazonaws.com secured-user-images.githubusercontent.com/ *.githubusercontent.com; manifest-src 'self'; media-src github.com user-images.githubusercontent.com/; script-src github.githubassets.com; style-src 'unsafe-inline' github.githubassets.com; worker-src github.com/assets-cdn/worker/ gist.github.com/assets-cdn/worker/","x-github-request-id":"E12E:78BB:7DB7C6:95BCC3:61ADA8ED"}
[debug] [2021-12-06T06:08:45.400Z] >>> [apiv2][query] GET https://api.github.com/user [none]
[debug] [2021-12-06T06:08:46.025Z] <<< [apiv2][status] GET https://api.github.com/user 200
[debug] [2021-12-06T06:08:46.025Z] <<< [apiv2][body] GET https://api.github.com/user {"login":"skyccpbx","id":63098355,"node_id":"MDQ6VXNlcjYzMDk4MzU1","avatar_url":"https://avatars.githubusercontent.com/u/63098355?v=4","gravatar_id":"","url":"https://api.github.com/users/skyccpbx","html_url":"https://github.com/skyccpbx","followers_url":"https://api.github.com/users/skyccpbx/followers","following_url":"https://api.github.com/users/skyccpbx/following{/other_user}","gists_url":"https://api.github.com/users/skyccpbx/gists{/gist_id}","starred_url":"https://api.github.com/users/skyccpbx/starred{/owner}{/repo}","subscriptions_url":"https://api.github.com/users/skyccpbx/subscriptions","organizations_url":"https://api.github.com/users/skyccpbx/orgs","repos_url":"https://api.github.com/users/skyccpbx/repos","events_url":"https://api.github.com/users/skyccpbx/events{/privacy}","received_events_url":"https://api.github.com/users/skyccpbx/received_events","type":"User","site_admin":false,"name":"xin bao","company":null,"blog":"","location":null,"email":null,"hireable":null,"bio":null,"twitter_username":null,"public_repos":90,"public_gists":0,"followers":1,"following":7,"created_at":"2020-04-03T09:26:16Z","updated_at":"2021-12-03T09:07:43Z","private_gists":1,"total_private_repos":5,"owned_private_repos":5,"disk_usage":40509,"collaborators":0,"two_factor_authentication":false,"plan":{"name":"free","space":976562499,"collaborators":0,"private_repos":10000}}
[info] 
[info] ✔  Success! Logged into GitHub as skyccpbx 
[info] 
[debug] [2021-12-06T06:09:37.431Z] >>> [apiv2][query] GET https://api.github.com/repos//actions/secrets/public-key type=owner
[debug] [2021-12-06T06:09:37.906Z] <<< [apiv2][status] GET https://api.github.com/repos//actions/secrets/public-key 404
[debug] [2021-12-06T06:09:37.906Z] <<< [apiv2][body] GET https://api.github.com/repos//actions/secrets/public-key {"message":"Not Found","documentation_url":"https://docs.github.com/rest"}
[debug] [2021-12-06T06:09:44.856Z] >>> [apiv2][query] GET https://api.github.com/repos/user/actions/secrets/public-key type=owner
[debug] [2021-12-06T06:09:45.325Z] <<< [apiv2][status] GET https://api.github.com/repos/user/actions/secrets/public-key 404
[debug] [2021-12-06T06:09:45.325Z] <<< [apiv2][body] GET https://api.github.com/repos/user/actions/secrets/public-key {"message":"Not Found","documentation_url":"https://docs.github.com/rest"}
[debug] [2021-12-06T06:09:54.699Z] >>> [apiv2][query] GET https://api.github.com/repos/y/actions/secrets/public-key type=owner
[debug] [2021-12-06T06:09:55.172Z] <<< [apiv2][status] GET https://api.github.com/repos/y/actions/secrets/public-key 404
[debug] [2021-12-06T06:09:55.172Z] <<< [apiv2][body] GET https://api.github.com/repos/y/actions/secrets/public-key {"message":"Not Found","documentation_url":"https://docs.github.com/rest"}
[debug] [2021-12-06T06:10:02.519Z] >>> [apiv2][query] GET https://api.github.com/repos/repository/actions/secrets/public-key type=owner
[debug] [2021-12-06T06:10:03.080Z] <<< [apiv2][status] GET https://api.github.com/repos/repository/actions/secrets/public-key 404
[debug] [2021-12-06T06:10:03.080Z] <<< [apiv2][body] GET https://api.github.com/repos/repository/actions/secrets/public-key {"message":"Not Found","documentation_url":"https://docs.github.com/rest"}
[debug] [2021-12-06T06:11:55.948Z] >>> [apiv2][query] GET https://api.github.com/repos/flixtv/actions/secrets/public-key type=owner
[debug] [2021-12-06T06:11:56.467Z] <<< [apiv2][status] GET https://api.github.com/repos/flixtv/actions/secrets/public-key 404
[debug] [2021-12-06T06:11:56.467Z] <<< [apiv2][body] GET https://api.github.com/repos/flixtv/actions/secrets/public-key {"message":"Not Found","documentation_url":"https://docs.github.com/rest"}
[debug] [2021-12-06T06:12:05.410Z] >>> [apiv2][query] GET https://api.github.com/repos/skyccpbx/actions/secrets/public-key type=owner
[debug] [2021-12-06T06:12:05.899Z] <<< [apiv2][status] GET https://api.github.com/repos/skyccpbx/actions/secrets/public-key 404
[debug] [2021-12-06T06:12:05.899Z] <<< [apiv2][body] GET https://api.github.com/repos/skyccpbx/actions/secrets/public-key {"message":"Not Found","documentation_url":"https://docs.github.com/rest"}
[debug] [2021-12-06T06:13:30.155Z] >>> [apiv2][query] GET https://api.github.com/repos/flixtv/actions/secrets/public-key type=owner
[debug] [2021-12-06T06:13:30.711Z] <<< [apiv2][status] GET https://api.github.com/repos/flixtv/actions/secrets/public-key 404
[debug] [2021-12-06T06:13:30.711Z] <<< [apiv2][body] GET https://api.github.com/repos/flixtv/actions/secrets/public-key {"message":"Not Found","documentation_url":"https://docs.github.com/rest"}
[debug] [2021-12-06T06:16:31.918Z] >>> [apiv2][query] GET https://api.github.com/repos/flixtv/actions/secrets/public-key type=owner
[debug] [2021-12-06T06:16:32.390Z] <<< [apiv2][status] GET https://api.github.com/repos/flixtv/actions/secrets/public-key 404
[debug] [2021-12-06T06:16:32.390Z] <<< [apiv2][body] GET https://api.github.com/repos/flixtv/actions/secrets/public-key {"message":"Not Found","documentation_url":"https://docs.github.com/rest"}
